<?xml version="1.0" encoding="UTF-8"?>
<testng-results ignored="0" total="1" passed="1" failed="0" skipped="0">
  <reporter-output>
  </reporter-output>
  <suite started-at="2025-01-11T02:55:00 IST" name="Shipment Quote Test Suite" finished-at="2025-01-11T02:55:51 IST" duration-ms="51194">
    <groups>
    </groups>
    <test started-at="2025-01-11T02:55:00 IST" name="Shipment Quote Calculation Test" finished-at="2025-01-11T02:55:51 IST" duration-ms="51194">
      <class name="com.pos.Shipment_Quotation.ShipmentQuoteTest">
        <test-method is-config="true" signature="setUp()[pri:0, instance:com.pos.Shipment_Quotation.ShipmentQuoteTest@229f66ed]" started-at="2025-01-11T02:55:01 IST" name="setUp" finished-at="2025-01-11T02:55:23 IST" duration-ms="22428" status="PASS">
          <reporter-output>
          </reporter-output>
        </test-method> <!-- setUp -->
        <test-method signature="verifyShipmentQuoteCalculation(java.lang.String,java.lang.String,java.lang.String,java.lang.String)[pri:0, instance:com.pos.Shipment_Quotation.ShipmentQuoteTest@229f66ed]" started-at="2025-01-11T02:55:23 IST" name="verifyShipmentQuoteCalculation" finished-at="2025-01-11T02:55:48 IST" duration-ms="25537" status="PASS">
          <params>
            <param index="0">
              <value>
                <![CDATA[Malaysia]]>
              </value>
            </param>
            <param index="1">
              <value>
                <![CDATA[35600]]>
              </value>
            </param>
            <param index="2">
              <value>
                <![CDATA[India]]>
              </value>
            </param>
            <param index="3">
              <value>
                <![CDATA[1]]>
              </value>
            </param>
          </params>
          <reporter-output>
          </reporter-output>
        </test-method> <!-- verifyShipmentQuoteCalculation -->
        <test-method is-config="true" signature="tearDown()[pri:0, instance:com.pos.Shipment_Quotation.ShipmentQuoteTest@229f66ed]" started-at="2025-01-11T02:55:48 IST" name="tearDown" finished-at="2025-01-11T02:55:51 IST" duration-ms="2733" status="PASS">
          <reporter-output>
          </reporter-output>
        </test-method> <!-- tearDown -->
      </class> <!-- com.pos.Shipment_Quotation.ShipmentQuoteTest -->
    </test> <!-- Shipment Quote Calculation Test -->
  </suite> <!-- Shipment Quote Test Suite -->
</testng-results>
